2024-12-11T11:02:58.225136-0300 INFO Calling function 'read_and_combine_json' with args ('data',) and kwargs {} utils_log.py
2024-12-11T11:02:58.225136-0300 INFO Calling function 'read_and_combine_json' with args ('data',) and kwargs {} utils_log.py
2024-12-11T11:02:58.241203-0300 INFO Function 'read_and_combine_json' returns             product     category  quantity  amount       date
0    Notebook Gamer  Eletrônicos         3    1500 2023-01-15
1     Mouse Sem Fio  Eletrônicos        10      30 2023-01-15
2  Teclado Mecânico  Eletrônicos         5     100 2023-01-15
3    Notebook Gamer  Eletrônicos         2    1500 2023-01-17
4     Mouse Sem Fio  Eletrônicos        14      30 2023-01-17
5  Teclado Mecânico  Eletrônicos         2     100 2023-01-17
6    Notebook Gamer  Eletrônicos         7    1500 2023-01-16
7     Mouse Sem Fio  Eletrônicos        10      30 2023-01-16
8  Teclado Mecânico  Eletrônicos         3     100 2023-01-16 utils_log.py
2024-12-11T11:02:58.241203-0300 INFO Function 'read_and_combine_json' returns             product     category  quantity  amount       date
0    Notebook Gamer  Eletrônicos         3    1500 2023-01-15
1     Mouse Sem Fio  Eletrônicos        10      30 2023-01-15
2  Teclado Mecânico  Eletrônicos         5     100 2023-01-15
3    Notebook Gamer  Eletrônicos         2    1500 2023-01-17
4     Mouse Sem Fio  Eletrônicos        14      30 2023-01-17
5  Teclado Mecânico  Eletrônicos         2     100 2023-01-17
6    Notebook Gamer  Eletrônicos         7    1500 2023-01-16
7     Mouse Sem Fio  Eletrônicos        10      30 2023-01-16
8  Teclado Mecânico  Eletrônicos         3     100 2023-01-16 utils_log.py
2024-12-11T11:02:58.243032-0300 INFO Calling function 'total_sales_sum' with args (            product     category  quantity  amount       date
0    Notebook Gamer  Eletrônicos         3    1500 2023-01-15
1     Mouse Sem Fio  Eletrônicos        10      30 2023-01-15
2  Teclado Mecânico  Eletrônicos         5     100 2023-01-15
3    Notebook Gamer  Eletrônicos         2    1500 2023-01-17
4     Mouse Sem Fio  Eletrônicos        14      30 2023-01-17
5  Teclado Mecânico  Eletrônicos         2     100 2023-01-17
6    Notebook Gamer  Eletrônicos         7    1500 2023-01-16
7     Mouse Sem Fio  Eletrônicos        10      30 2023-01-16
8  Teclado Mecânico  Eletrônicos         3     100 2023-01-16,) and kwargs {} utils_log.py
2024-12-11T11:02:58.243032-0300 INFO Calling function 'total_sales_sum' with args (            product     category  quantity  amount       date
0    Notebook Gamer  Eletrônicos         3    1500 2023-01-15
1     Mouse Sem Fio  Eletrônicos        10      30 2023-01-15
2  Teclado Mecânico  Eletrônicos         5     100 2023-01-15
3    Notebook Gamer  Eletrônicos         2    1500 2023-01-17
4     Mouse Sem Fio  Eletrônicos        14      30 2023-01-17
5  Teclado Mecânico  Eletrônicos         2     100 2023-01-17
6    Notebook Gamer  Eletrônicos         7    1500 2023-01-16
7     Mouse Sem Fio  Eletrônicos        10      30 2023-01-16
8  Teclado Mecânico  Eletrônicos         3     100 2023-01-16,) and kwargs {} utils_log.py
2024-12-11T11:02:58.245360-0300 INFO Function 'total_sales_sum' returns             product     category  quantity  amount       date  total_sales
0    Notebook Gamer  Eletrônicos         3    1500 2023-01-15         4500
1     Mouse Sem Fio  Eletrônicos        10      30 2023-01-15          300
2  Teclado Mecânico  Eletrônicos         5     100 2023-01-15          500
3    Notebook Gamer  Eletrônicos         2    1500 2023-01-17         3000
4     Mouse Sem Fio  Eletrônicos        14      30 2023-01-17          420
5  Teclado Mecânico  Eletrônicos         2     100 2023-01-17          200
6    Notebook Gamer  Eletrônicos         7    1500 2023-01-16        10500
7     Mouse Sem Fio  Eletrônicos        10      30 2023-01-16          300
8  Teclado Mecânico  Eletrônicos         3     100 2023-01-16          300 utils_log.py
2024-12-11T11:02:58.245360-0300 INFO Function 'total_sales_sum' returns             product     category  quantity  amount       date  total_sales
0    Notebook Gamer  Eletrônicos         3    1500 2023-01-15         4500
1     Mouse Sem Fio  Eletrônicos        10      30 2023-01-15          300
2  Teclado Mecânico  Eletrônicos         5     100 2023-01-15          500
3    Notebook Gamer  Eletrônicos         2    1500 2023-01-17         3000
4     Mouse Sem Fio  Eletrônicos        14      30 2023-01-17          420
5  Teclado Mecânico  Eletrônicos         2     100 2023-01-17          200
6    Notebook Gamer  Eletrônicos         7    1500 2023-01-16        10500
7     Mouse Sem Fio  Eletrônicos        10      30 2023-01-16          300
8  Teclado Mecânico  Eletrônicos         3     100 2023-01-16          300 utils_log.py
2024-12-11T11:02:58.246935-0300 INFO Calling function 'load_data' with args (            product     category  quantity  amount       date  total_sales
0    Notebook Gamer  Eletrônicos         3    1500 2023-01-15         4500
1     Mouse Sem Fio  Eletrônicos        10      30 2023-01-15          300
2  Teclado Mecânico  Eletrônicos         5     100 2023-01-15          500
3    Notebook Gamer  Eletrônicos         2    1500 2023-01-17         3000
4     Mouse Sem Fio  Eletrônicos        14      30 2023-01-17          420
5  Teclado Mecânico  Eletrônicos         2     100 2023-01-17          200
6    Notebook Gamer  Eletrônicos         7    1500 2023-01-16        10500
7     Mouse Sem Fio  Eletrônicos        10      30 2023-01-16          300
8  Teclado Mecânico  Eletrônicos         3     100 2023-01-16          300,) and kwargs {'data_folder': 'data'} utils_log.py
2024-12-11T11:02:58.246935-0300 INFO Calling function 'load_data' with args (            product     category  quantity  amount       date  total_sales
0    Notebook Gamer  Eletrônicos         3    1500 2023-01-15         4500
1     Mouse Sem Fio  Eletrônicos        10      30 2023-01-15          300
2  Teclado Mecânico  Eletrônicos         5     100 2023-01-15          500
3    Notebook Gamer  Eletrônicos         2    1500 2023-01-17         3000
4     Mouse Sem Fio  Eletrônicos        14      30 2023-01-17          420
5  Teclado Mecânico  Eletrônicos         2     100 2023-01-17          200
6    Notebook Gamer  Eletrônicos         7    1500 2023-01-16        10500
7     Mouse Sem Fio  Eletrônicos        10      30 2023-01-16          300
8  Teclado Mecânico  Eletrônicos         3     100 2023-01-16          300,) and kwargs {'data_folder': 'data'} utils_log.py
2024-12-11T11:02:58.249884-0300 INFO Function 'load_data' returns None utils_log.py
2024-12-11T11:02:58.249884-0300 INFO Function 'load_data' returns None utils_log.py
2024-12-11T11:36:34.854694-0300 INFO Calling function 'sum' with args (2, 3) and kwargs {} utils_log.py
2024-12-11T11:36:34.854694-0300 INFO Calling function 'sum' with args (2, 3) and kwargs {} utils_log.py
2024-12-11T11:36:34.854924-0300 INFO Function 'sum' executed in 0.0000 seconds timer_decorator.py
2024-12-11T11:36:34.854924-0300 INFO Function 'sum' executed in 0.0000 seconds timer_decorator.py
2024-12-11T11:36:34.854988-0300 INFO Function 'sum' returns 5 utils_log.py
2024-12-11T11:36:34.854988-0300 INFO Function 'sum' returns 5 utils_log.py
2024-12-11T11:36:34.855039-0300 INFO Calling function 'sum' with args (2, 7) and kwargs {} utils_log.py
2024-12-11T11:36:34.855039-0300 INFO Calling function 'sum' with args (2, 7) and kwargs {} utils_log.py
2024-12-11T11:36:34.855086-0300 INFO Function 'sum' executed in 0.0000 seconds timer_decorator.py
2024-12-11T11:36:34.855086-0300 INFO Function 'sum' executed in 0.0000 seconds timer_decorator.py
2024-12-11T11:36:34.855125-0300 INFO Function 'sum' returns 9 utils_log.py
2024-12-11T11:36:34.855125-0300 INFO Function 'sum' returns 9 utils_log.py
2024-12-11T11:37:52.565219-0300 INFO Calling function 'read_and_combine_json' with args ('data',) and kwargs {} utils_log.py
2024-12-11T11:37:52.565219-0300 INFO Calling function 'read_and_combine_json' with args ('data',) and kwargs {} utils_log.py
2024-12-11T11:37:52.579697-0300 INFO Function 'read_and_combine_json' executed in 0.0142 seconds timer_decorator.py
2024-12-11T11:37:52.579697-0300 INFO Function 'read_and_combine_json' executed in 0.0142 seconds timer_decorator.py
2024-12-11T11:37:52.583807-0300 INFO Function 'read_and_combine_json' returns             product     category  quantity  amount       date
0    Notebook Gamer  Eletrônicos         3    1500 2023-01-15
1     Mouse Sem Fio  Eletrônicos        10      30 2023-01-15
2  Teclado Mecânico  Eletrônicos         5     100 2023-01-15
3    Notebook Gamer  Eletrônicos         2    1500 2023-01-17
4     Mouse Sem Fio  Eletrônicos        14      30 2023-01-17
5  Teclado Mecânico  Eletrônicos         2     100 2023-01-17
6    Notebook Gamer  Eletrônicos         7    1500 2023-01-16
7     Mouse Sem Fio  Eletrônicos        10      30 2023-01-16
8  Teclado Mecânico  Eletrônicos         3     100 2023-01-16 utils_log.py
2024-12-11T11:37:52.583807-0300 INFO Function 'read_and_combine_json' returns             product     category  quantity  amount       date
0    Notebook Gamer  Eletrônicos         3    1500 2023-01-15
1     Mouse Sem Fio  Eletrônicos        10      30 2023-01-15
2  Teclado Mecânico  Eletrônicos         5     100 2023-01-15
3    Notebook Gamer  Eletrônicos         2    1500 2023-01-17
4     Mouse Sem Fio  Eletrônicos        14      30 2023-01-17
5  Teclado Mecânico  Eletrônicos         2     100 2023-01-17
6    Notebook Gamer  Eletrônicos         7    1500 2023-01-16
7     Mouse Sem Fio  Eletrônicos        10      30 2023-01-16
8  Teclado Mecânico  Eletrônicos         3     100 2023-01-16 utils_log.py
2024-12-11T11:37:52.585485-0300 INFO Calling function 'total_sales_sum' with args (            product     category  quantity  amount       date
0    Notebook Gamer  Eletrônicos         3    1500 2023-01-15
1     Mouse Sem Fio  Eletrônicos        10      30 2023-01-15
2  Teclado Mecânico  Eletrônicos         5     100 2023-01-15
3    Notebook Gamer  Eletrônicos         2    1500 2023-01-17
4     Mouse Sem Fio  Eletrônicos        14      30 2023-01-17
5  Teclado Mecânico  Eletrônicos         2     100 2023-01-17
6    Notebook Gamer  Eletrônicos         7    1500 2023-01-16
7     Mouse Sem Fio  Eletrônicos        10      30 2023-01-16
8  Teclado Mecânico  Eletrônicos         3     100 2023-01-16,) and kwargs {} utils_log.py
2024-12-11T11:37:52.585485-0300 INFO Calling function 'total_sales_sum' with args (            product     category  quantity  amount       date
0    Notebook Gamer  Eletrônicos         3    1500 2023-01-15
1     Mouse Sem Fio  Eletrônicos        10      30 2023-01-15
2  Teclado Mecânico  Eletrônicos         5     100 2023-01-15
3    Notebook Gamer  Eletrônicos         2    1500 2023-01-17
4     Mouse Sem Fio  Eletrônicos        14      30 2023-01-17
5  Teclado Mecânico  Eletrônicos         2     100 2023-01-17
6    Notebook Gamer  Eletrônicos         7    1500 2023-01-16
7     Mouse Sem Fio  Eletrônicos        10      30 2023-01-16
8  Teclado Mecânico  Eletrônicos         3     100 2023-01-16,) and kwargs {} utils_log.py
2024-12-11T11:37:52.586426-0300 INFO Function 'total_sales_sum' executed in 0.0009 seconds timer_decorator.py
2024-12-11T11:37:52.586426-0300 INFO Function 'total_sales_sum' executed in 0.0009 seconds timer_decorator.py
2024-12-11T11:37:52.588304-0300 INFO Function 'total_sales_sum' returns             product     category  quantity  amount       date  total_sales
0    Notebook Gamer  Eletrônicos         3    1500 2023-01-15         4500
1     Mouse Sem Fio  Eletrônicos        10      30 2023-01-15          300
2  Teclado Mecânico  Eletrônicos         5     100 2023-01-15          500
3    Notebook Gamer  Eletrônicos         2    1500 2023-01-17         3000
4     Mouse Sem Fio  Eletrônicos        14      30 2023-01-17          420
5  Teclado Mecânico  Eletrônicos         2     100 2023-01-17          200
6    Notebook Gamer  Eletrônicos         7    1500 2023-01-16        10500
7     Mouse Sem Fio  Eletrônicos        10      30 2023-01-16          300
8  Teclado Mecânico  Eletrônicos         3     100 2023-01-16          300 utils_log.py
2024-12-11T11:37:52.588304-0300 INFO Function 'total_sales_sum' returns             product     category  quantity  amount       date  total_sales
0    Notebook Gamer  Eletrônicos         3    1500 2023-01-15         4500
1     Mouse Sem Fio  Eletrônicos        10      30 2023-01-15          300
2  Teclado Mecânico  Eletrônicos         5     100 2023-01-15          500
3    Notebook Gamer  Eletrônicos         2    1500 2023-01-17         3000
4     Mouse Sem Fio  Eletrônicos        14      30 2023-01-17          420
5  Teclado Mecânico  Eletrônicos         2     100 2023-01-17          200
6    Notebook Gamer  Eletrônicos         7    1500 2023-01-16        10500
7     Mouse Sem Fio  Eletrônicos        10      30 2023-01-16          300
8  Teclado Mecânico  Eletrônicos         3     100 2023-01-16          300 utils_log.py
2024-12-11T11:37:52.590062-0300 INFO Calling function 'load_data' with args (            product     category  quantity  amount       date  total_sales
0    Notebook Gamer  Eletrônicos         3    1500 2023-01-15         4500
1     Mouse Sem Fio  Eletrônicos        10      30 2023-01-15          300
2  Teclado Mecânico  Eletrônicos         5     100 2023-01-15          500
3    Notebook Gamer  Eletrônicos         2    1500 2023-01-17         3000
4     Mouse Sem Fio  Eletrônicos        14      30 2023-01-17          420
5  Teclado Mecânico  Eletrônicos         2     100 2023-01-17          200
6    Notebook Gamer  Eletrônicos         7    1500 2023-01-16        10500
7     Mouse Sem Fio  Eletrônicos        10      30 2023-01-16          300
8  Teclado Mecânico  Eletrônicos         3     100 2023-01-16          300,) and kwargs {'data_folder': 'data'} utils_log.py
2024-12-11T11:37:52.590062-0300 INFO Calling function 'load_data' with args (            product     category  quantity  amount       date  total_sales
0    Notebook Gamer  Eletrônicos         3    1500 2023-01-15         4500
1     Mouse Sem Fio  Eletrônicos        10      30 2023-01-15          300
2  Teclado Mecânico  Eletrônicos         5     100 2023-01-15          500
3    Notebook Gamer  Eletrônicos         2    1500 2023-01-17         3000
4     Mouse Sem Fio  Eletrônicos        14      30 2023-01-17          420
5  Teclado Mecânico  Eletrônicos         2     100 2023-01-17          200
6    Notebook Gamer  Eletrônicos         7    1500 2023-01-16        10500
7     Mouse Sem Fio  Eletrônicos        10      30 2023-01-16          300
8  Teclado Mecânico  Eletrônicos         3     100 2023-01-16          300,) and kwargs {'data_folder': 'data'} utils_log.py
2024-12-11T11:37:52.591687-0300 INFO Function 'load_data' executed in 0.0015 seconds timer_decorator.py
2024-12-11T11:37:52.591687-0300 INFO Function 'load_data' executed in 0.0015 seconds timer_decorator.py
2024-12-11T11:37:52.591748-0300 INFO Function 'load_data' returns None utils_log.py
2024-12-11T11:37:52.591748-0300 INFO Function 'load_data' returns None utils_log.py
